<!DOCTYPE html>
<html>
<head>
<meta http-equiv="Content-Type" content="text/html; charset=utf-8"/>
<meta http-equiv="x-ua-compatible" content="IE=edge"/>
<title>Test results - UnitTestUser</title>
<link href="../css/base-style.css" rel="stylesheet" type="text/css"/>
<link href="../css/style.css" rel="stylesheet" type="text/css"/>
<script src="../js/report.js" type="text/javascript"></script>
</head>
<body>
<div id="content">
<h1>UnitTestUser</h1>
<div class="breadcrumbs">
<a href="../index.html">all</a> &gt; 
<a href="../packages/com.engine.html">com.engine</a> &gt; UnitTestUser</div>
<div id="summary">
<table>
<tr>
<td>
<div class="summaryGroup">
<table>
<tr>
<td>
<div class="infoBox" id="tests">
<div class="counter">5</div>
<p>tests</p>
</div>
</td>
<td>
<div class="infoBox" id="failures">
<div class="counter">0</div>
<p>failures</p>
</div>
</td>
<td>
<div class="infoBox" id="ignored">
<div class="counter">0</div>
<p>ignored</p>
</div>
</td>
<td>
<div class="infoBox" id="duration">
<div class="counter">0.653s</div>
<p>duration</p>
</div>
</td>
</tr>
</table>
</div>
</td>
<td>
<div class="infoBox success" id="successRate">
<div class="percent">100%</div>
<p>successful</p>
</div>
</td>
</tr>
</table>
</div>
<div id="tabs">
<ul class="tabLinks">
<li>
<a href="#tab0">Tests</a>
</li>
<li>
<a href="#tab1">Standard output</a>
</li>
<li>
<a href="#tab2">Standard error</a>
</li>
</ul>
<div id="tab0" class="tab">
<h2>Tests</h2>
<table>
<thead>
<tr>
<th>Test</th>
<th>Duration</th>
<th>Result</th>
</tr>
</thead>
<tr>
<td class="success">getQuizResultOk()</td>
<td class="success">0.023s</td>
<td class="success">passed</td>
</tr>
<tr>
<td class="success">testAuthorizeUserResultBadRequest()</td>
<td class="success">0.014s</td>
<td class="success">passed</td>
</tr>
<tr>
<td class="success">testAuthorizeUserResultOk()</td>
<td class="success">0.524s</td>
<td class="success">passed</td>
</tr>
<tr>
<td class="success">testLoadUserByUsernameReturnUserImpl()</td>
<td class="success">0.008s</td>
<td class="success">passed</td>
</tr>
<tr>
<td class="success">testLoadUserByUsernameThrowException()</td>
<td class="success">0.084s</td>
<td class="success">passed</td>
</tr>
</table>
</div>
<div id="tab1" class="tab">
<h2>Standard output</h2>
<span class="code">
<pre>18:31:18.612 [Test worker] DEBUG org.springframework.test.context.BootstrapUtils - Instantiating CacheAwareContextLoaderDelegate from class [org.springframework.test.context.cache.DefaultCacheAwareContextLoaderDelegate]
18:31:18.652 [Test worker] DEBUG org.springframework.test.context.BootstrapUtils - Instantiating BootstrapContext using constructor [public org.springframework.test.context.support.DefaultBootstrapContext(java.lang.Class,org.springframework.test.context.CacheAwareContextLoaderDelegate)]
18:31:18.708 [Test worker] DEBUG org.springframework.test.context.BootstrapUtils - Instantiating TestContextBootstrapper for test class [com.engine.UnitTestUser] from class [org.springframework.boot.test.context.SpringBootTestContextBootstrapper]
18:31:18.739 [Test worker] INFO org.springframework.boot.test.context.SpringBootTestContextBootstrapper - Neither @ContextConfiguration nor @ContextHierarchy found for test class [com.engine.UnitTestUser], using SpringBootContextLoader
18:31:18.749 [Test worker] DEBUG org.springframework.test.context.support.AbstractContextLoader - Did not detect default resource location for test class [com.engine.UnitTestUser]: class path resource [com/engine/UnitTestUser-context.xml] does not exist
18:31:18.750 [Test worker] DEBUG org.springframework.test.context.support.AbstractContextLoader - Did not detect default resource location for test class [com.engine.UnitTestUser]: class path resource [com/engine/UnitTestUserContext.groovy] does not exist
18:31:18.750 [Test worker] INFO org.springframework.test.context.support.AbstractContextLoader - Could not detect default resource locations for test class [com.engine.UnitTestUser]: no resource found for suffixes {-context.xml, Context.groovy}.
18:31:18.752 [Test worker] INFO org.springframework.test.context.support.AnnotationConfigContextLoaderUtils - Could not detect default configuration classes for test class [com.engine.UnitTestUser]: UnitTestUser does not declare any static, non-private, non-final, nested classes annotated with @Configuration.
18:31:18.853 [Test worker] DEBUG org.springframework.test.context.support.ActiveProfilesUtils - Could not find an 'annotation declaring class' for annotation type [org.springframework.test.context.ActiveProfiles] and class [com.engine.UnitTestUser]
18:31:18.991 [Test worker] DEBUG org.springframework.context.annotation.ClassPathScanningCandidateComponentProvider - Identified candidate component class: file [C:\Users\nefed\IdeaProjects\web-quiz-engine\Web Quiz Engine\task\build\classes\java\main\com\engine\WebQuizEngine.class]
18:31:18.992 [Test worker] INFO org.springframework.boot.test.context.SpringBootTestContextBootstrapper - Found @SpringBootConfiguration com.engine.WebQuizEngine for test class com.engine.UnitTestUser
18:31:19.160 [Test worker] DEBUG org.springframework.boot.test.context.SpringBootTestContextBootstrapper - @TestExecutionListeners is not present for class [com.engine.UnitTestUser]: using defaults.
18:31:19.161 [Test worker] INFO org.springframework.boot.test.context.SpringBootTestContextBootstrapper - Loaded default TestExecutionListener class names from location [META-INF/spring.factories]: [org.springframework.security.test.context.support.WithSecurityContextTestExecutionListener, org.springframework.security.test.context.support.ReactorContextTestExecutionListener, org.springframework.boot.test.autoconfigure.restdocs.RestDocsTestExecutionListener, org.springframework.boot.test.autoconfigure.web.client.MockRestServiceServerResetTestExecutionListener, org.springframework.boot.test.autoconfigure.web.servlet.MockMvcPrintOnlyOnFailureTestExecutionListener, org.springframework.boot.test.autoconfigure.web.servlet.WebDriverTestExecutionListener, org.springframework.boot.test.mock.mockito.MockitoTestExecutionListener, org.springframework.boot.test.mock.mockito.ResetMocksTestExecutionListener, org.springframework.test.context.web.ServletTestExecutionListener, org.springframework.test.context.support.DirtiesContextBeforeModesTestExecutionListener, org.springframework.test.context.support.DependencyInjectionTestExecutionListener, org.springframework.test.context.support.DirtiesContextTestExecutionListener, org.springframework.test.context.transaction.TransactionalTestExecutionListener, org.springframework.test.context.jdbc.SqlScriptsTestExecutionListener, org.springframework.test.context.event.EventPublishingTestExecutionListener]
18:31:19.195 [Test worker] INFO org.springframework.boot.test.context.SpringBootTestContextBootstrapper - Using TestExecutionListeners: [org.springframework.test.context.web.ServletTestExecutionListener@4b936b48, org.springframework.test.context.support.DirtiesContextBeforeModesTestExecutionListener@5372600a, org.springframework.boot.test.mock.mockito.MockitoTestExecutionListener@5ee77b63, org.springframework.boot.test.autoconfigure.SpringBootDependencyInjectionTestExecutionListener@4ae59f0f, org.springframework.test.context.support.DirtiesContextTestExecutionListener@1a7c6430, org.springframework.test.context.transaction.TransactionalTestExecutionListener@5ace3545, org.springframework.test.context.jdbc.SqlScriptsTestExecutionListener@3f97611c, org.springframework.security.test.context.support.WithSecurityContextTestExecutionListener@596c9c06, org.springframework.test.context.event.EventPublishingTestExecutionListener@20483eff, org.springframework.security.test.context.support.ReactorContextTestExecutionListener@b0753ae, org.springframework.boot.test.autoconfigure.restdocs.RestDocsTestExecutionListener@f1c5c53, org.springframework.boot.test.autoconfigure.web.client.MockRestServiceServerResetTestExecutionListener@322d7d1a, org.springframework.boot.test.autoconfigure.web.servlet.MockMvcPrintOnlyOnFailureTestExecutionListener@53731266, org.springframework.boot.test.autoconfigure.web.servlet.WebDriverTestExecutionListener@6258a185, org.springframework.boot.test.mock.mockito.ResetMocksTestExecutionListener@f4b8759]
18:31:19.210 [Test worker] DEBUG org.springframework.test.context.support.AbstractDirtiesContextTestExecutionListener - Before test class: context [DefaultTestContext@3afab8b5 testClass = UnitTestUser, testInstance = [null], testMethod = [null], testException = [null], mergedContextConfiguration = [WebMergedContextConfiguration@4673a8d3 testClass = UnitTestUser, locations = '{}', classes = '{class com.engine.WebQuizEngine}', contextInitializerClasses = '[]', activeProfiles = '{}', propertySourceLocations = '{}', propertySourceProperties = '{org.springframework.boot.test.context.SpringBootTestContextBootstrapper=true}', contextCustomizers = set[org.springframework.boot.test.autoconfigure.properties.PropertyMappingContextCustomizer@4b3fa0b3, org.springframework.boot.test.autoconfigure.web.servlet.WebDriverContextCustomizerFactory$Customizer@484c914c, [ImportsContextCustomizer@5690f044 key = [org.springframework.boot.test.autoconfigure.web.servlet.MockMvcAutoConfiguration, org.springframework.boot.test.autoconfigure.web.servlet.MockMvcWebClientAutoConfiguration, org.springframework.boot.test.autoconfigure.web.servlet.MockMvcWebDriverAutoConfiguration, org.springframework.boot.autoconfigure.security.servlet.SecurityAutoConfiguration, org.springframework.boot.autoconfigure.security.servlet.UserDetailsServiceAutoConfiguration, org.springframework.boot.test.autoconfigure.web.servlet.MockMvcSecurityConfiguration]], org.springframework.boot.test.context.filter.ExcludeFilterContextCustomizer@68eee1d6, org.springframework.boot.test.json.DuplicateJsonObjectContextCustomizerFactory$DuplicateJsonObjectContextCustomizer@edd9c3d, org.springframework.boot.test.mock.mockito.MockitoContextCustomizer@fbdd44b9, org.springframework.boot.test.web.client.TestRestTemplateContextCustomizer@15128105], resourceBasePath = 'src/main/webapp', contextLoader = 'org.springframework.boot.test.context.SpringBootContextLoader', parent = [null]], attributes = map['org.springframework.test.context.web.ServletTestExecutionListener.activateListener' -&gt; true]], class annotated with @DirtiesContext [false] with mode [null].
18:31:19.257 [Test worker] DEBUG org.springframework.test.context.support.TestPropertySourceUtils - Adding inlined properties to environment: {spring.jmx.enabled=false, org.springframework.boot.test.context.SpringBootTestContextBootstrapper=true, server.port=-1}

  .   ____          _            __ _ _
 /\\ / ___'_ __ _ _(_)_ __  __ _ \ \ \ \
( ( )\___ | '_ | '_| | '_ \/ _` | \ \ \ \
 \\/  ___)| |_)| | | | | || (_| |  ) ) ) )
  '  |____| .__|_| |_|_| |_\__, | / / / /
 =========|_|==============|___/=/_/_/_/
 :: Spring Boot ::        (v2.2.2.RELEASE)

2020-10-27 18:31:19.770  INFO 1200 --- [    Test worker] com.engine.UnitTestUser                  : Starting UnitTestUser on DESKTOP-H0T0QGB with PID 1200 (started by nefed in C:\Users\nefed\IdeaProjects\web-quiz-engine\Web Quiz Engine\task)
2020-10-27 18:31:19.770  INFO 1200 --- [    Test worker] com.engine.UnitTestUser                  : No active profile set, falling back to default profiles: default
2020-10-27 18:31:21.343  INFO 1200 --- [    Test worker] .s.d.r.c.RepositoryConfigurationDelegate : Bootstrapping Spring Data JPA repositories in DEFAULT mode.
2020-10-27 18:31:21.474  INFO 1200 --- [    Test worker] .s.d.r.c.RepositoryConfigurationDelegate : Finished Spring Data repository scanning in 114ms. Found 3 JPA repository interfaces.
2020-10-27 18:31:23.070  INFO 1200 --- [    Test worker] trationDelegate$BeanPostProcessorChecker : Bean 'org.springframework.transaction.annotation.ProxyTransactionManagementConfiguration' of type [org.springframework.transaction.annotation.ProxyTransactionManagementConfiguration] is not eligible for getting processed by all BeanPostProcessors (for example: not eligible for auto-proxying)
2020-10-27 18:31:23.410  INFO 1200 --- [    Test worker] o.hibernate.jpa.internal.util.LogHelper  : HHH000204: Processing PersistenceUnitInfo [name: default]
2020-10-27 18:31:23.541  INFO 1200 --- [    Test worker] org.hibernate.Version                    : HHH000412: Hibernate Core {5.4.9.Final}
2020-10-27 18:31:23.619  INFO 1200 --- [    Test worker] o.hibernate.annotations.common.Version   : HCANN000001: Hibernate Commons Annotations {5.1.0.Final}
2020-10-27 18:31:23.813  INFO 1200 --- [    Test worker] com.zaxxer.hikari.HikariDataSource       : HikariPool-1 - Starting...
2020-10-27 18:31:24.309  INFO 1200 --- [    Test worker] com.zaxxer.hikari.HikariDataSource       : HikariPool-1 - Start completed.
2020-10-27 18:31:24.347  INFO 1200 --- [    Test worker] org.hibernate.dialect.Dialect            : HHH000400: Using dialect: org.hibernate.dialect.H2Dialect
2020-10-27 18:31:25.722  INFO 1200 --- [    Test worker] o.h.e.t.j.p.i.JtaPlatformInitiator       : HHH000490: Using JtaPlatform implementation: [org.hibernate.engine.transaction.jta.platform.internal.NoJtaPlatform]
2020-10-27 18:31:25.733  INFO 1200 --- [    Test worker] j.LocalContainerEntityManagerFactoryBean : Initialized JPA EntityManagerFactory for persistence unit 'default'
2020-10-27 18:31:25.833  WARN 1200 --- [    Test worker] JpaBaseConfiguration$JpaWebConfiguration : spring.jpa.open-in-view is enabled by default. Therefore, database queries may be performed during view rendering. Explicitly configure spring.jpa.open-in-view to disable this warning
2020-10-27 18:31:27.228  INFO 1200 --- [    Test worker] o.s.s.web.DefaultSecurityFilterChain     : Creating filter chain: any request, [org.springframework.security.web.context.request.async.WebAsyncManagerIntegrationFilter@6d1ba484, org.springframework.security.web.context.SecurityContextPersistenceFilter@5daaeabb, org.springframework.security.web.header.HeaderWriterFilter@743891b0, org.springframework.security.web.authentication.logout.LogoutFilter@7447eddd, org.springframework.security.web.authentication.UsernamePasswordAuthenticationFilter@1d3a74af, org.springframework.security.web.authentication.ui.DefaultLoginPageGeneratingFilter@1d20fdaf, org.springframework.security.web.authentication.ui.DefaultLogoutPageGeneratingFilter@28ff4dfa, org.springframework.security.web.authentication.www.BasicAuthenticationFilter@66fb14ea, org.springframework.security.web.savedrequest.RequestCacheAwareFilter@5708689f, org.springframework.security.web.servletapi.SecurityContextHolderAwareRequestFilter@5b883d6c, org.springframework.security.web.authentication.AnonymousAuthenticationFilter@43bfc352, org.springframework.security.web.session.SessionManagementFilter@12ba6625, org.springframework.security.web.access.ExceptionTranslationFilter@4c656fcf, org.springframework.security.web.access.intercept.FilterSecurityInterceptor@1ccfa31a]
2020-10-27 18:31:27.811  INFO 1200 --- [    Test worker] o.s.s.concurrent.ThreadPoolTaskExecutor  : Initializing ExecutorService 'applicationTaskExecutor'
2020-10-27 18:31:28.665  INFO 1200 --- [    Test worker] o.s.b.a.h2.H2ConsoleAutoConfiguration    : H2 console available at '/h2-console'. Database available at 'jdbc:h2:file:../quizdb'
2020-10-27 18:31:28.796  INFO 1200 --- [    Test worker] o.s.b.t.m.w.SpringBootMockServletContext : Initializing Spring TestDispatcherServlet ''
2020-10-27 18:31:28.797  INFO 1200 --- [    Test worker] o.s.t.web.servlet.TestDispatcherServlet  : Initializing Servlet ''
2020-10-27 18:31:28.816  INFO 1200 --- [    Test worker] o.s.b.a.e.web.EndpointLinksResolver      : Exposing 14 endpoint(s) beneath base path '/actuator'
2020-10-27 18:31:28.879  INFO 1200 --- [    Test worker] o.s.t.web.servlet.TestDispatcherServlet  : Completed initialization in 82 ms
2020-10-27 18:31:28.954  INFO 1200 --- [    Test worker] com.engine.UnitTestUser                  : Started UnitTestUser in 9.665 seconds (JVM running for 11.717)
</pre>
</span>
</div>
<div id="tab2" class="tab">
<h2>Standard error</h2>
<span class="code">
<pre>[2020.10.27 18:31:22] (Coverage): Error during class instrumentation: org.springframework.security.config.annotation.authentication.configurers.ldap.LdapAuthenticationProviderConfigurer: java.lang.RuntimeException: java.io.IOException: Class not found
[2020.10.27 18:31:26] (Coverage): Error during class instrumentation: org.springframework.security.config.annotation.web.configurers.oauth2.client.OAuth2LoginConfigurer: java.lang.RuntimeException: java.io.IOException: Class not found
</pre>
</span>
</div>
</div>
<div id="footer">
<p>
<div>
<label class="hidden" id="label-for-line-wrapping-toggle" for="line-wrapping-toggle">Wrap lines
<input id="line-wrapping-toggle" type="checkbox" autocomplete="off"/>
</label>
</div>Generated by 
<a href="http://www.gradle.org">Gradle 5.3.1</a> at 27 окт. 2020 г., 18:31:30</p>
</div>
</div>
</body>
</html>
